#
# There is insufficient memory for the Java Runtime Environment to continue.
# Native memory allocation (malloc) failed to allocate 262160 bytes for Chunk::new
# Possible reasons:
#   The system is out of physical RAM or swap space
#   The process is running with CompressedOops enabled, and the Java Heap may be blocking the growth of the native heap
# Possible solutions:
#   Reduce memory load on the system
#   Increase physical memory or swap space
#   Check if swap backing store is full
#   Decrease Java heap size (-Xmx/-Xms)
#   Decrease number of Java threads
#   Decrease Java thread stack sizes (-Xss)
#   Set larger code cache with -XX:ReservedCodeCacheSize=
#   JVM is running with Zero Based Compressed Oops mode in which the Java heap is
#     placed in the first 32GB address space. The Java Heap base address is the
#     maximum limit for the native heap growth. Please use -XX:HeapBaseMinAddress
#     to set the Java Heap base and to place the Java Heap above 32GB virtual address.
# This output file may be truncated or incomplete.
#
#  Out of Memory Error (arena.cpp:189), pid=25836, tid=12444
#
# JRE version: OpenJDK Runtime Environment Temurin-17+35 (17.0+35) (build 17+35)
# Java VM: OpenJDK 64-Bit Server VM Temurin-17+35 (17+35, mixed mode, tiered, compressed oops, compressed class ptrs, g1 gc, windows-amd64)
# No core dump will be written. Minidumps are not enabled by default on client versions of Windows
#

---------------  S U M M A R Y ------------

Command Line: C:\Users\samri\AppData\Local\Temp\surefire11808996733185939049\surefirebooter2874145686969571814.jar C:\Users\samri\AppData\Local\Temp\surefire11808996733185939049 2022-04-29T01-01-37_974-jvmRun1 surefire13742834790523644647tmp surefire_01268400413906648584tmp

Host: 11th Gen Intel(R) Core(TM) i5-1135G7 @ 2.40GHz, 8 cores, 15G,  Windows 10 , 64 bit Build 22000 (10.0.22000.613)
Time: Fri Apr 29 01:01:47 2022 Eastern Daylight Time elapsed time: 9.357832 seconds (0d 0h 0m 9s)

---------------  T H R E A D  ---------------

Current thread (0x00000291479034a0):  JavaThread "C2 CompilerThread1" daemon [_thread_in_native, id=12444, stack(0x0000009bbac00000,0x0000009bbad00000)]


Current CompileTask:
C2:   9357 4928       4       org.springframework.core.annotation.TypeMappedAnnotations::get (52 bytes)

Stack: [0x0000009bbac00000,0x0000009bbad00000]
Native frames: (J=compiled Java code, j=interpreted, Vv=VM code, C=native code)
V  [jvm.dll+0x674afa]
V  [jvm.dll+0x82eb44]
V  [jvm.dll+0x8302ee]
V  [jvm.dll+0x830953]
V  [jvm.dll+0x245335]
V  [jvm.dll+0xab52b]
V  [jvm.dll+0xababc]
V  [jvm.dll+0xab63b]
V  [jvm.dll+0x653729]
V  [jvm.dll+0x79a8c]
V  [jvm.dll+0x607b38]
V  [jvm.dll+0x605bf4]
V  [jvm.dll+0x218068]
V  [jvm.dll+0x217611]
V  [jvm.dll+0x1a356d]
V  [jvm.dll+0x226ff8]
V  [jvm.dll+0x22513c]
V  [jvm.dll+0x7e47fb]
V  [jvm.dll+0x7dedba]
V  [jvm.dll+0x673925]
C  [ucrtbase.dll+0x26c0c]
C  [KERNEL32.DLL+0x154e0]
C  [ntdll.dll+0x485b]


---------------  P R O C E S S  ---------------

Threads class SMR info:
_java_thread_list=0x00000291466451d0, length=19, elements={
0x0000029123381e70, 0x0000029142833020, 0x0000029142835290, 0x0000029141df7de0,
0x0000029141df86a0, 0x0000029141dfb710, 0x0000029141dfcd80, 0x00000291428767d0,
0x0000029142877c80, 0x0000029142879500, 0x00000291429d1320, 0x00000291429defa0,
0x0000029142a05ab0, 0x0000029142c4a020, 0x000002914681e910, 0x00000291479034a0,
0x0000029147b0d280, 0x0000029143368e20, 0x0000029147905810
}

Java Threads: ( => current thread )
  0x0000029123381e70 JavaThread "main" [_thread_in_Java, id=24640, stack(0x0000009bb9000000,0x0000009bb9100000)]
  0x0000029142833020 JavaThread "Reference Handler" daemon [_thread_blocked, id=23180, stack(0x0000009bb9700000,0x0000009bb9800000)]
  0x0000029142835290 JavaThread "Finalizer" daemon [_thread_blocked, id=2236, stack(0x0000009bb9800000,0x0000009bb9900000)]
  0x0000029141df7de0 JavaThread "Signal Dispatcher" daemon [_thread_blocked, id=13452, stack(0x0000009bb9900000,0x0000009bb9a00000)]
  0x0000029141df86a0 JavaThread "Attach Listener" daemon [_thread_blocked, id=10596, stack(0x0000009bb9a00000,0x0000009bb9b00000)]
  0x0000029141dfb710 JavaThread "Service Thread" daemon [_thread_blocked, id=18216, stack(0x0000009bb9b00000,0x0000009bb9c00000)]
  0x0000029141dfcd80 JavaThread "Monitor Deflation Thread" daemon [_thread_blocked, id=17608, stack(0x0000009bb9c00000,0x0000009bb9d00000)]
  0x00000291428767d0 JavaThread "C2 CompilerThread0" daemon [_thread_in_native, id=10416, stack(0x0000009bb9d00000,0x0000009bb9e00000)]
  0x0000029142877c80 JavaThread "C1 CompilerThread0" daemon [_thread_blocked, id=13820, stack(0x0000009bb9e00000,0x0000009bb9f00000)]
  0x0000029142879500 JavaThread "Sweeper thread" daemon [_thread_blocked, id=19852, stack(0x0000009bb9f00000,0x0000009bba000000)]
  0x00000291429d1320 JavaThread "Notification Thread" daemon [_thread_blocked, id=15056, stack(0x0000009bba000000,0x0000009bba100000)]
  0x00000291429defa0 JavaThread "Common-Cleaner" daemon [_thread_blocked, id=24984, stack(0x0000009bba200000,0x0000009bba300000)]
  0x0000029142a05ab0 JavaThread "surefire-forkedjvm-command-thread" daemon [_thread_in_native, id=26256, stack(0x0000009bba300000,0x0000009bba400000)]
  0x0000029142c4a020 JavaThread "surefire-forkedjvm-ping-30s" daemon [_thread_in_native, id=12208, stack(0x0000009bba400000,0x0000009bba500000)]
  0x000002914681e910 JavaThread "mysql-cj-abandoned-connection-cleanup" daemon [_thread_blocked, id=9056, stack(0x0000009bbaf00000,0x0000009bbb000000)]
=>0x00000291479034a0 JavaThread "C2 CompilerThread1" daemon [_thread_in_native, id=12444, stack(0x0000009bbac00000,0x0000009bbad00000)]
  0x0000029147b0d280 JavaThread "HikariPool-1 housekeeper" daemon [_thread_blocked, id=22556, stack(0x0000009bbb000000,0x0000009bbb100000)]
  0x0000029143368e20 JavaThread "HikariPool-1 connection adder" daemon [_thread_blocked, id=19720, stack(0x0000009bbb100000,0x0000009bbb200000)]
  0x0000029147905810 JavaThread "C2 CompilerThread2" daemon [_thread_in_native, id=13388, stack(0x0000009bbb200000,0x0000009bbb300000)]

Other Threads:
  0x0000029142820510 VMThread "VM Thread" [stack: 0x0000009bb9600000,0x0000009bb9700000] [id=7052]
  0x00000291429d1e00 WatcherThread [stack: 0x0000009bba100000,0x0000009bba200000] [id=3848]
  0x00000291233d0180 GCTaskThread "GC Thread#0" [stack: 0x0000009bb9100000,0x0000009bb9200000] [id=26480]
  0x0000029143303020 GCTaskThread "GC Thread#1" [stack: 0x0000009bba600000,0x0000009bba700000] [id=14496]
  0x00000291433036e0 GCTaskThread "GC Thread#2" [stack: 0x0000009bba700000,0x0000009bba800000] [id=19376]
  0x0000029143e54ba0 GCTaskThread "GC Thread#3" [stack: 0x0000009bba800000,0x0000009bba900000] [id=23444]
  0x0000029143e54e50 GCTaskThread "GC Thread#4" [stack: 0x0000009bba900000,0x0000009bbaa00000] [id=19552]
  0x0000029143e55910 GCTaskThread "GC Thread#5" [stack: 0x0000009bbaa00000,0x0000009bbab00000] [id=18020]
  0x0000029143d9a9e0 GCTaskThread "GC Thread#6" [stack: 0x0000009bbab00000,0x0000009bbac00000] [id=11436]
  0x0000029143ea3d80 GCTaskThread "GC Thread#7" [stack: 0x0000009bba500000,0x0000009bba600000] [id=10108]
  0x00000291233e1c30 ConcurrentGCThread "G1 Main Marker" [stack: 0x0000009bb9200000,0x0000009bb9300000] [id=14532]
  0x00000291233e2cf0 ConcurrentGCThread "G1 Conc#0" [stack: 0x0000009bb9300000,0x0000009bb9400000] [id=1616]
  0x0000029143ea2800 ConcurrentGCThread "G1 Conc#1" [stack: 0x0000009bbae00000,0x0000009bbaf00000] [id=15060]
  0x0000029141c620c0 ConcurrentGCThread "G1 Refine#0" [stack: 0x0000009bb9400000,0x0000009bb9500000] [id=2076]
  0x0000029141c63a00 ConcurrentGCThread "G1 Service" [stack: 0x0000009bb9500000,0x0000009bb9600000] [id=10180]

Threads with active compile tasks:
C2 CompilerThread0     9397 4895   !   4       org.springframework.core.annotation.AnnotationsScanner::processMethodHierarchy (276 bytes)
C2 CompilerThread1     9397 4928       4       org.springframework.core.annotation.TypeMappedAnnotations::get (52 bytes)
C2 CompilerThread2     9397 5074       4       org.springframework.core.annotation.AnnotationsScanner::getBaseTypeMethods (145 bytes)

VM state: not at safepoint (normal execution)

VM Mutex/Monitor currently owned by a thread: None

Heap address: 0x0000000703a00000, size: 4038 MB, Compressed Oops mode: Zero based, Oop shift amount: 3

CDS archive(s) not mapped
Compressed class space mapped at: 0x0000000800000000-0x0000000840000000, reserved size: 1073741824
Narrow klass base: 0x0000000800000000, Narrow klass shift: 0, Narrow klass range: 0x40000000

GC Precious Log:
 CPUs: 8 total, 8 available
 Memory: 16149M
 Large Page Support: Disabled
 NUMA Support: Disabled
 Compressed Oops: Enabled (Zero based)
 Heap Region Size: 2M
 Heap Min Capacity: 8M
 Heap Initial Capacity: 254M
 Heap Max Capacity: 4038M
 Pre-touch: Disabled
 Parallel Workers: 8
 Concurrent Workers: 2
 Concurrent Refinement Workers: 8
 Periodic GC: Disabled

Heap:
 garbage-first heap   total 90112K, used 23721K [0x0000000703a00000, 0x0000000800000000)
  region size 2048K, 3 young (6144K), 2 survivors (4096K)
 Metaspace       used 60299K, committed 60608K, reserved 1105920K
  class space    used 7727K, committed 7872K, reserved 1048576K

Heap Regions: E=young(eden), S=young(survivor), O=old, HS=humongous(starts), HC=humongous(continues), CS=collection set, F=free, OA=open archive, CA=closed archive, TAMS=top-at-mark-start (previous, next)
|   0|0x0000000703a00000, 0x0000000703c00000, 0x0000000703c00000|100%| O|  |TAMS 0x0000000703c00000, 0x0000000703a00000| Untracked 
|   1|0x0000000703c00000, 0x0000000703e00000, 0x0000000703e00000|100%| O|  |TAMS 0x0000000703e00000, 0x0000000703c00000| Untracked 
|   2|0x0000000703e00000, 0x0000000704000000, 0x0000000704000000|100%| O|  |TAMS 0x0000000704000000, 0x0000000703e00000| Untracked 
|   3|0x0000000704000000, 0x0000000704200000, 0x0000000704200000|100%| O|  |TAMS 0x0000000704200000, 0x0000000704000000| Untracked 
|   4|0x0000000704200000, 0x0000000704400000, 0x0000000704400000|100%| O|  |TAMS 0x0000000704400000, 0x0000000704200000| Untracked 
|   5|0x0000000704400000, 0x000000070459ea00, 0x0000000704600000| 80%| O|  |TAMS 0x0000000704491400, 0x0000000704400000| Untracked 
|   6|0x0000000704600000, 0x0000000704800000, 0x0000000704800000|100%| O|  |TAMS 0x0000000704800000, 0x0000000704600000| Untracked 
|   7|0x0000000704800000, 0x0000000704a00000, 0x0000000704a00000|100%| O|  |TAMS 0x0000000704a00000, 0x0000000704800000| Untracked 
|   8|0x0000000704a00000, 0x0000000704c00000, 0x0000000704c00000|100%| O|  |TAMS 0x0000000704c00000, 0x0000000704a00000| Untracked 
|   9|0x0000000704c00000, 0x0000000704e00000, 0x0000000704e00000|100%| O|  |TAMS 0x0000000704e00000, 0x0000000704c00000| Untracked 
|  10|0x0000000704e00000, 0x0000000704e00000, 0x0000000705000000|  0%| F|  |TAMS 0x0000000704e00000, 0x0000000704e00000| Untracked 
|  11|0x0000000705000000, 0x0000000705000000, 0x0000000705200000|  0%| F|  |TAMS 0x0000000705000000, 0x0000000705000000| Untracked 
|  12|0x0000000705200000, 0x0000000705200000, 0x0000000705400000|  0%| F|  |TAMS 0x0000000705200000, 0x0000000705200000| Untracked 
|  13|0x0000000705400000, 0x0000000705400000, 0x0000000705600000|  0%| F|  |TAMS 0x0000000705400000, 0x0000000705400000| Untracked 
|  14|0x0000000705600000, 0x0000000705600000, 0x0000000705800000|  0%| F|  |TAMS 0x0000000705600000, 0x0000000705600000| Untracked 
|  15|0x0000000705800000, 0x0000000705800000, 0x0000000705a00000|  0%| F|  |TAMS 0x0000000705800000, 0x0000000705800000| Untracked 
|  16|0x0000000705a00000, 0x0000000705a00000, 0x0000000705c00000|  0%| F|  |TAMS 0x0000000705a00000, 0x0000000705a00000| Untracked 
|  17|0x0000000705c00000, 0x0000000705c00000, 0x0000000705e00000|  0%| F|  |TAMS 0x0000000705c00000, 0x0000000705c00000| Untracked 
|  18|0x0000000705e00000, 0x0000000705e00000, 0x0000000706000000|  0%| F|  |TAMS 0x0000000705e00000, 0x0000000705e00000| Untracked 
|  19|0x0000000706000000, 0x0000000706000000, 0x0000000706200000|  0%| F|  |TAMS 0x0000000706000000, 0x0000000706000000| Untracked 
|  20|0x0000000706200000, 0x0000000706200000, 0x0000000706400000|  0%| F|  |TAMS 0x0000000706200000, 0x0000000706200000| Untracked 
|  21|0x0000000706400000, 0x000000070658bac0, 0x0000000706600000| 77%| S|CS|TAMS 0x0000000706400000, 0x0000000706400000| Complete 
|  22|0x0000000706600000, 0x0000000706800000, 0x0000000706800000|100%| S|CS|TAMS 0x0000000706600000, 0x0000000706600000| Complete 
|  23|0x0000000706800000, 0x0000000706800000, 0x0000000706a00000|  0%| F|  |TAMS 0x0000000706800000, 0x0000000706800000| Untracked 
|  24|0x0000000706a00000, 0x0000000706a00000, 0x0000000706c00000|  0%| F|  |TAMS 0x0000000706a00000, 0x0000000706a00000| Untracked 
|  25|0x0000000706c00000, 0x0000000706c00000, 0x0000000706e00000|  0%| F|  |TAMS 0x0000000706c00000, 0x0000000706c00000| Untracked 
|  26|0x0000000706e00000, 0x0000000706e00000, 0x0000000707000000|  0%| F|  |TAMS 0x0000000706e00000, 0x0000000706e00000| Untracked 
|  27|0x0000000707000000, 0x0000000707000000, 0x0000000707200000|  0%| F|  |TAMS 0x0000000707000000, 0x0000000707000000| Untracked 
|  28|0x0000000707200000, 0x0000000707200000, 0x0000000707400000|  0%| F|  |TAMS 0x0000000707200000, 0x0000000707200000| Untracked 
|  29|0x0000000707400000, 0x0000000707400000, 0x0000000707600000|  0%| F|  |TAMS 0x0000000707400000, 0x0000000707400000| Untracked 
|  30|0x0000000707600000, 0x0000000707600000, 0x0000000707800000|  0%| F|  |TAMS 0x0000000707600000, 0x0000000707600000| Untracked 
|  31|0x0000000707800000, 0x0000000707800000, 0x0000000707a00000|  0%| F|  |TAMS 0x0000000707800000, 0x0000000707800000| Untracked 
|  32|0x0000000707a00000, 0x0000000707a00000, 0x0000000707c00000|  0%| F|  |TAMS 0x0000000707a00000, 0x0000000707a00000| Untracked 
|  33|0x0000000707c00000, 0x0000000707c00000, 0x0000000707e00000|  0%| F|  |TAMS 0x0000000707c00000, 0x0000000707c00000| Untracked 
|  34|0x0000000707e00000, 0x0000000707e00000, 0x0000000708000000|  0%| F|  |TAMS 0x0000000707e00000, 0x0000000707e00000| Untracked 
|  35|0x0000000708000000, 0x0000000708000000, 0x0000000708200000|  0%| F|  |TAMS 0x0000000708000000, 0x0000000708000000| Untracked 
|  36|0x0000000708200000, 0x0000000708200000, 0x0000000708400000|  0%| F|  |TAMS 0x0000000708200000, 0x0000000708200000| Untracked 
|  37|0x0000000708400000, 0x0000000708400000, 0x0000000708600000|  0%| F|  |TAMS 0x0000000708400000, 0x0000000708400000| Untracked 
|  38|0x0000000708600000, 0x0000000708600000, 0x0000000708800000|  0%| F|  |TAMS 0x0000000708600000, 0x0000000708600000| Untracked 
|  39|0x0000000708800000, 0x0000000708800000, 0x0000000708a00000|  0%| F|  |TAMS 0x0000000708800000, 0x0000000708800000| Untracked 
|  40|0x0000000708a00000, 0x0000000708a00000, 0x0000000708c00000|  0%| F|  |TAMS 0x0000000708a00000, 0x0000000708a00000| Untracked 
|  41|0x0000000708c00000, 0x0000000708c00000, 0x0000000708e00000|  0%| F|  |TAMS 0x0000000708c00000, 0x0000000708c00000| Untracked 
|  42|0x0000000708e00000, 0x0000000708e00000, 0x0000000709000000|  0%| F|  |TAMS 0x0000000708e00000, 0x0000000708e00000| Untracked 
| 126|0x0000000713600000, 0x0000000713800000, 0x0000000713800000|100%| E|  |TAMS 0x0000000713600000, 0x0000000713600000| Complete 

Card table byte_map: [0x0000029136550000,0x0000029136d40000] _byte_map_base: 0x0000029132d33000

Marking Bits (Prev, Next): (CMBitMap*) 0x00000291233d16f0, (CMBitMap*) 0x00000291233d16b0
 Prev Bits: [0x000002913b450000, 0x000002913f368000)
 Next Bits: [0x0000029137530000, 0x000002913b448000)

Polling page: 0x0000029121530000

Metaspace:

Usage:
  Non-class:     51.34 MB used.
      Class:      7.55 MB used.
       Both:     58.89 MB used.

Virtual space:
  Non-class space:       56.00 MB reserved,      51.50 MB ( 92%) committed,  7 nodes.
      Class space:        1.00 GB reserved,       7.69 MB ( <1%) committed,  1 nodes.
             Both:        1.05 GB reserved,      59.19 MB (  5%) committed. 

Chunk freelists:
   Non-Class:  3.62 MB
       Class:  288.00 KB
        Both:  3.91 MB

MaxMetaspaceSize: unlimited
CompressedClassSpaceSize: 1.00 GB
Initial GC threshold: 21.00 MB
Current GC threshold: 98.69 MB
CDS: off
MetaspaceReclaimPolicy: balanced
 - commit_granule_bytes: 65536.
 - commit_granule_words: 8192.
 - virtual_space_node_default_size: 1048576.
 - enlarge_chunks_in_place: 1.
 - new_chunks_are_fully_committed: 0.
 - uncommit_free_chunks: 1.
 - use_allocation_guard: 0.
 - handle_deallocations: 1.


Internal statistics:

num_allocs_failed_limit: 11.
num_arena_births: 398.
num_arena_deaths: 2.
num_vsnodes_births: 8.
num_vsnodes_deaths: 0.
num_space_committed: 947.
num_space_uncommitted: 0.
num_chunks_returned_to_freelist: 14.
num_chunks_taken_from_freelist: 2176.
num_chunk_merges: 11.
num_chunk_splits: 1519.
num_chunks_enlarged: 1188.
num_purges: 2.
num_inconsistent_stats: 0.

CodeHeap 'non-profiled nmethods': size=120000Kb used=3187Kb max_used=3187Kb free=116812Kb
 bounds [0x000002912e500000, 0x000002912e820000, 0x0000029135a30000]
CodeHeap 'profiled nmethods': size=120000Kb used=11047Kb max_used=11047Kb free=108952Kb
 bounds [0x0000029126fd0000, 0x0000029127aa0000, 0x000002912e500000]
CodeHeap 'non-nmethods': size=5760Kb used=1312Kb max_used=1375Kb free=4447Kb
 bounds [0x0000029126a30000, 0x0000029126ca0000, 0x0000029126fd0000]
 total_blobs=5671 nmethods=5052 adapters=531
 compilation: enabled
              stopped_count=0, restarted_count=0
 full_count=0

Compilation events (20 events):
Event: 9.329 Thread 0x0000029147905810 nmethod 5011 0x000002912e819f90 code [0x000002912e81a140, 0x000002912e81aa98]
Event: 9.329 Thread 0x0000029147905810 4890       4       org.springframework.core.annotation.MergedAnnotations::from (10 bytes)
Event: 9.334 Thread 0x0000029142877c80 5066       3       java.beans.Introspector::<init> (183 bytes)
Event: 9.335 Thread 0x0000029142877c80 nmethod 5066 0x0000029127a8bb10 code [0x0000029127a8bde0, 0x0000029127a8cd98]
Event: 9.336 Thread 0x0000029142877c80 5067       3       java.beans.Introspector::getBeanInfo (54 bytes)
Event: 9.336 Thread 0x0000029142877c80 nmethod 5067 0x0000029127a8d310 code [0x0000029127a8d4e0, 0x0000029127a8d7e8]
Event: 9.336 Thread 0x0000029142877c80 5068       3       java.beans.Introspector::getTargetBeanDescriptor (42 bytes)
Event: 9.336 Thread 0x0000029142877c80 nmethod 5068 0x0000029127a8d990 code [0x0000029127a8db60, 0x0000029127a8dec8]
Event: 9.336 Thread 0x0000029142877c80 5069   !   3       java.beans.Introspector::findCustomizerClass (47 bytes)
Event: 9.339 Thread 0x0000029142877c80 nmethod 5069 0x0000029127a8e010 code [0x0000029127a8e400, 0x0000029127a8ff58]
Event: 9.339 Thread 0x0000029142877c80 5070   !   3       com.sun.beans.finder.ClassFinder::findClass (25 bytes)
Event: 9.339 Thread 0x0000029142877c80 nmethod 5070 0x0000029127a90a10 code [0x0000029127a90be0, 0x0000029127a90e28]
Event: 9.339 Thread 0x0000029142877c80 5071       3       java.util.HashMap$Values::toArray (16 bytes)
Event: 9.339 Thread 0x0000029142877c80 nmethod 5071 0x0000029127a90f10 code [0x0000029127a910c0, 0x0000029127a912d8]
Event: 9.342 Thread 0x0000029142877c80 5073       3       org.springframework.core.annotation.AnnotationsScanner::isOverride (38 bytes)
Event: 9.343 Thread 0x0000029142877c80 nmethod 5073 0x0000029127a91390 code [0x0000029127a91560, 0x0000029127a918b8]
Event: 9.343 Thread 0x0000029147905810 nmethod 4890 0x000002912e81af90 code [0x000002912e81b180, 0x000002912e81b650]
Event: 9.343 Thread 0x0000029147905810 5072       4       java.util.AbstractCollection::toArray (144 bytes)
Event: 9.345 Thread 0x0000029142877c80 5075   !   3       jdk.internal.reflect.GeneratedMethodAccessor9::invoke (63 bytes)
Event: 9.346 Thread 0x0000029142877c80 nmethod 5075 0x0000029127a91a10 code [0x0000029127a91c40, 0x0000029127a92338]

GC Heap History (20 events):
Event: 3.040 GC heap before
{Heap before GC invocations=5 (full 0):
 garbage-first heap   total 49152K, used 12477K [0x0000000703a00000, 0x0000000800000000)
  region size 2048K, 2 young (4096K), 1 survivors (2048K)
 Metaspace       used 27322K, committed 27648K, reserved 1073152K
  class space    used 3161K, committed 3328K, reserved 1048576K
}
Event: 3.044 GC heap after
{Heap after GC invocations=6 (full 0):
 garbage-first heap   total 49152K, used 10653K [0x0000000703a00000, 0x0000000800000000)
  region size 2048K, 1 young (2048K), 1 survivors (2048K)
 Metaspace       used 27322K, committed 27648K, reserved 1073152K
  class space    used 3161K, committed 3328K, reserved 1048576K
}
Event: 3.056 GC heap before
{Heap before GC invocations=6 (full 0):
 garbage-first heap   total 49152K, used 27037K [0x0000000703a00000, 0x0000000800000000)
  region size 2048K, 10 young (20480K), 1 survivors (2048K)
 Metaspace       used 27384K, committed 27712K, reserved 1073152K
  class space    used 3170K, committed 3328K, reserved 1048576K
}
Event: 3.058 GC heap after
{Heap after GC invocations=7 (full 0):
 garbage-first heap   total 49152K, used 10651K [0x0000000703a00000, 0x0000000800000000)
  region size 2048K, 1 young (2048K), 1 survivors (2048K)
 Metaspace       used 27384K, committed 27712K, reserved 1073152K
  class space    used 3170K, committed 3328K, reserved 1048576K
}
Event: 3.088 GC heap before
{Heap before GC invocations=7 (full 0):
 garbage-first heap   total 49152K, used 29083K [0x0000000703a00000, 0x0000000800000000)
  region size 2048K, 11 young (22528K), 1 survivors (2048K)
 Metaspace       used 27725K, committed 28032K, reserved 1081344K
  class space    used 3193K, committed 3328K, reserved 1048576K
}
Event: 3.090 GC heap after
{Heap after GC invocations=8 (full 0):
 garbage-first heap   total 155648K, used 10672K [0x0000000703a00000, 0x0000000800000000)
  region size 2048K, 1 young (2048K), 1 survivors (2048K)
 Metaspace       used 27725K, committed 28032K, reserved 1081344K
  class space    used 3193K, committed 3328K, reserved 1048576K
}
Event: 5.182 GC heap before
{Heap before GC invocations=8 (full 0):
 garbage-first heap   total 155648K, used 72112K [0x0000000703a00000, 0x0000000800000000)
  region size 2048K, 32 young (65536K), 1 survivors (2048K)
 Metaspace       used 35869K, committed 36160K, reserved 1081344K
  class space    used 4279K, committed 4416K, reserved 1048576K
}
Event: 5.196 GC heap after
{Heap after GC invocations=9 (full 0):
 garbage-first heap   total 155648K, used 14928K [0x0000000703a00000, 0x0000000800000000)
  region size 2048K, 3 young (6144K), 3 survivors (6144K)
 Metaspace       used 35869K, committed 36160K, reserved 1081344K
  class space    used 4279K, committed 4416K, reserved 1048576K
}
Event: 6.309 GC heap before
{Heap before GC invocations=10 (full 0):
 garbage-first heap   total 61440K, used 45648K [0x0000000703a00000, 0x0000000800000000)
  region size 2048K, 18 young (36864K), 3 survivors (6144K)
 Metaspace       used 44244K, committed 44544K, reserved 1089536K
  class space    used 5501K, committed 5632K, reserved 1048576K
}
Event: 6.329 GC heap after
{Heap after GC invocations=11 (full 0):
 garbage-first heap   total 61440K, used 17761K [0x0000000703a00000, 0x0000000800000000)
  region size 2048K, 2 young (4096K), 2 survivors (4096K)
 Metaspace       used 44244K, committed 44544K, reserved 1089536K
  class space    used 5501K, committed 5632K, reserved 1048576K
}
Event: 6.394 GC heap before
{Heap before GC invocations=11 (full 0):
 garbage-first heap   total 61440K, used 17761K [0x0000000703a00000, 0x0000000800000000)
  region size 2048K, 3 young (6144K), 2 survivors (4096K)
 Metaspace       used 45488K, committed 45760K, reserved 1089536K
  class space    used 5643K, committed 5760K, reserved 1048576K
}
Event: 6.402 GC heap after
{Heap after GC invocations=12 (full 0):
 garbage-first heap   total 61440K, used 18168K [0x0000000703a00000, 0x0000000800000000)
  region size 2048K, 1 young (2048K), 1 survivors (2048K)
 Metaspace       used 45488K, committed 45760K, reserved 1089536K
  class space    used 5643K, committed 5760K, reserved 1048576K
}
Event: 7.361 GC heap before
{Heap before GC invocations=12 (full 0):
 garbage-first heap   total 61440K, used 42744K [0x0000000703a00000, 0x0000000800000000)
  region size 2048K, 13 young (26624K), 1 survivors (2048K)
 Metaspace       used 51564K, committed 51904K, reserved 1097728K
  class space    used 6437K, committed 6592K, reserved 1048576K
}
Event: 7.368 GC heap after
{Heap after GC invocations=13 (full 0):
 garbage-first heap   total 61440K, used 19118K [0x0000000703a00000, 0x0000000800000000)
  region size 2048K, 1 young (2048K), 1 survivors (2048K)
 Metaspace       used 51564K, committed 51904K, reserved 1097728K
  class space    used 6437K, committed 6592K, reserved 1048576K
}
Event: 8.104 GC heap before
{Heap before GC invocations=13 (full 0):
 garbage-first heap   total 61440K, used 43694K [0x0000000703a00000, 0x0000000800000000)
  region size 2048K, 14 young (28672K), 1 survivors (2048K)
 Metaspace       used 55693K, committed 56000K, reserved 1097728K
  class space    used 7110K, committed 7232K, reserved 1048576K
}
Event: 8.110 GC heap after
{Heap after GC invocations=14 (full 0):
 garbage-first heap   total 61440K, used 20138K [0x0000000703a00000, 0x0000000800000000)
  region size 2048K, 2 young (4096K), 2 survivors (4096K)
 Metaspace       used 55693K, committed 56000K, reserved 1097728K
  class space    used 7110K, committed 7232K, reserved 1048576K
}
Event: 8.911 GC heap before
{Heap before GC invocations=14 (full 0):
 garbage-first heap   total 61440K, used 46762K [0x0000000703a00000, 0x0000000800000000)
  region size 2048K, 15 young (30720K), 2 survivors (4096K)
 Metaspace       used 59278K, committed 59584K, reserved 1105920K
  class space    used 7548K, committed 7680K, reserved 1048576K
}
Event: 8.925 GC heap after
{Heap after GC invocations=15 (full 0):
 garbage-first heap   total 61440K, used 22227K [0x0000000703a00000, 0x0000000800000000)
  region size 2048K, 2 young (4096K), 2 survivors (4096K)
 Metaspace       used 59278K, committed 59584K, reserved 1105920K
  class space    used 7548K, committed 7680K, reserved 1048576K
}
Event: 9.314 GC heap before
{Heap before GC invocations=15 (full 0):
 garbage-first heap   total 61440K, used 34515K [0x0000000703a00000, 0x0000000800000000)
  region size 2048K, 9 young (18432K), 2 survivors (4096K)
 Metaspace       used 60214K, committed 60480K, reserved 1105920K
  class space    used 7705K, committed 7808K, reserved 1048576K
}
Event: 9.328 GC heap after
{Heap after GC invocations=16 (full 0):
 garbage-first heap   total 161792K, used 23721K [0x0000000703a00000, 0x0000000800000000)
  region size 2048K, 2 young (4096K), 2 survivors (4096K)
 Metaspace       used 60214K, committed 60480K, reserved 1105920K
  class space    used 7705K, committed 7808K, reserved 1048576K
}

Deoptimization events (20 events):
Event: 8.928 Thread 0x0000029123381e70 DEOPT PACKING pc=0x000002912709b7b4 sp=0x0000009bb90fa510
Event: 8.928 Thread 0x0000029123381e70 DEOPT UNPACKING pc=0x0000029126a86763 sp=0x0000009bb90f9980 mode 0
Event: 8.938 Thread 0x0000029123381e70 Uncommon trap: trap_request=0xffffff45 fr.pc=0x000002912e6d2044 relative=0x0000000000000304
Event: 8.938 Thread 0x0000029123381e70 Uncommon trap: reason=unstable_if action=reinterpret pc=0x000002912e6d2044 method=java.io.WinNTFileSystem.prefixLength(Ljava/lang/String;)I @ 42 c2
Event: 8.938 Thread 0x0000029123381e70 DEOPT PACKING pc=0x000002912e6d2044 sp=0x0000009bb90fb410
Event: 8.938 Thread 0x0000029123381e70 DEOPT UNPACKING pc=0x0000029126a85c23 sp=0x0000009bb90fb398 mode 2
Event: 9.073 Thread 0x0000029123381e70 DEOPT PACKING pc=0x0000029127151aa3 sp=0x0000009bb90fa7a0
Event: 9.073 Thread 0x0000029123381e70 DEOPT UNPACKING pc=0x0000029126a86763 sp=0x0000009bb90f9c10 mode 0
Event: 9.147 Thread 0x0000029123381e70 Uncommon trap: trap_request=0xffffff45 fr.pc=0x000002912e674398 relative=0x0000000000002e38
Event: 9.147 Thread 0x0000029123381e70 Uncommon trap: reason=unstable_if action=reinterpret pc=0x000002912e674398 method=org.springframework.core.ResolvableType.resolveClass()Ljava/lang/Class; @ 37 c2
Event: 9.147 Thread 0x0000029123381e70 DEOPT PACKING pc=0x000002912e674398 sp=0x0000009bb90f9d60
Event: 9.147 Thread 0x0000029123381e70 DEOPT UNPACKING pc=0x0000029126a85c23 sp=0x0000009bb90f9c70 mode 2
Event: 9.265 Thread 0x0000029123381e70 Uncommon trap: trap_request=0xffffffde fr.pc=0x000002912e735ec4 relative=0x0000000000000fc4
Event: 9.265 Thread 0x0000029123381e70 Uncommon trap: reason=class_check action=maybe_recompile pc=0x000002912e735ec4 method=java.util.HashMap.putVal(ILjava/lang/Object;Ljava/lang/Object;ZZ)Ljava/lang/Object; @ 203 c2
Event: 9.265 Thread 0x0000029123381e70 DEOPT PACKING pc=0x000002912e735ec4 sp=0x0000009bb90fbed0
Event: 9.265 Thread 0x0000029123381e70 DEOPT UNPACKING pc=0x0000029126a85c23 sp=0x0000009bb90fbdf0 mode 2
Event: 9.335 Thread 0x0000029123381e70 Uncommon trap: trap_request=0xffffff76 fr.pc=0x000002912e81a980 relative=0x0000000000000840
Event: 9.335 Thread 0x0000029123381e70 Uncommon trap: reason=predicate action=maybe_recompile pc=0x000002912e81a980 method=java.util.AbstractCollection.toArray([Ljava/lang/Object;)[Ljava/lang/Object; @ 43 c2
Event: 9.335 Thread 0x0000029123381e70 DEOPT PACKING pc=0x000002912e81a980 sp=0x0000009bb90fb130
Event: 9.335 Thread 0x0000029123381e70 DEOPT UNPACKING pc=0x0000029126a85c23 sp=0x0000009bb90fb108 mode 2

Classes unloaded (1 events):
Event: 2.573 Thread 0x0000029142820510 Unloading class 0x00000008000c0400 'java/lang/invoke/LambdaForm$MH+0x00000008000c0400'

Classes redefined (0 events):
No events

Internal exceptions (20 events):
Event: 9.290 Thread 0x0000029123381e70 Exception <a 'java/lang/ClassNotFoundException'{0x00000007068fa190}: org/springframework/web/servlet/config/annotation/WebMvcConfigurerCustomizer> (0x00000007068fa190) 
thrown [e:\jenkins\tmp\workspace\build\src\src\hotspot\share\classfile\systemDictionary.cpp, line 256]
Event: 9.292 Thread 0x0000029123381e70 Exception <a 'java/lang/ClassNotFoundException'{0x000000070690dd10}: org/springframework/web/context/ServletContextAwareCustomizer> (0x000000070690dd10) 
thrown [e:\jenkins\tmp\workspace\build\src\src\hotspot\share\classfile\systemDictionary.cpp, line 256]
Event: 9.292 Thread 0x0000029123381e70 Exception <a 'java/lang/ClassNotFoundException'{0x00000007069144e0}: org/springframework/beans/factory/AwareCustomizer> (0x00000007069144e0) 
thrown [e:\jenkins\tmp\workspace\build\src\src\hotspot\share\classfile\systemDictionary.cpp, line 256]
Event: 9.295 Thread 0x0000029123381e70 Exception <a 'java/lang/ClassNotFoundException'{0x000000070692dba8}: java/lang/ObjectCustomizer> (0x000000070692dba8) 
thrown [e:\jenkins\tmp\workspace\build\src\src\hotspot\share\classfile\systemDictionary.cpp, line 256]
Event: 9.296 Thread 0x0000029123381e70 Exception <a 'java/lang/ClassNotFoundException'{0x00000007069376f8}: org/springframework/boot/autoconfigure/orm/jpa/JpaBaseConfiguration$JpaWebConfigurationCustomizer> (0x00000007069376f8) 
thrown [e:\jenkins\tmp\workspace\build\src\src\hotspot\share\classfile\systemDictionary.cpp, line 256]
Event: 9.301 Thread 0x0000029123381e70 Exception <a 'java/lang/ClassNotFoundException'{0x0000000706956518}: java/lang/ObjectCustomizer> (0x0000000706956518) 
thrown [e:\jenkins\tmp\workspace\build\src\src\hotspot\share\classfile\systemDictionary.cpp, line 256]
Event: 9.302 Thread 0x0000029123381e70 Exception <a 'java/lang/ClassNotFoundException'{0x000000070695fe00}: org/springframework/orm/jpa/EntityManagerFactoryAccessorCustomizer> (0x000000070695fe00) 
thrown [e:\jenkins\tmp\workspace\build\src\src\hotspot\share\classfile\systemDictionary.cpp, line 256]
Event: 9.304 Thread 0x0000029123381e70 Exception <a 'java/lang/ClassNotFoundException'{0x000000070696fb90}: org/springframework/orm/jpa/support/OpenEntityManagerInViewInterceptorCustomizer> (0x000000070696fb90) 
thrown [e:\jenkins\tmp\workspace\build\src\src\hotspot\share\classfile\systemDictionary.cpp, line 256]
Event: 9.305 Thread 0x0000029123381e70 Exception <a 'java/lang/ClassNotFoundException'{0x000000070697ded8}: org/springframework/web/context/request/AsyncWebRequestInterceptorCustomizer> (0x000000070697ded8) 
thrown [e:\jenkins\tmp\workspace\build\src\src\hotspot\share\classfile\systemDictionary.cpp, line 256]
Event: 9.306 Thread 0x0000029123381e70 Exception <a 'java/lang/ClassNotFoundException'{0x0000000706985268}: org/springframework/web/context/request/WebRequestInterceptorCustomizer> (0x0000000706985268) 
thrown [e:\jenkins\tmp\workspace\build\src\src\hotspot\share\classfile\systemDictionary.cpp, line 256]
Event: 9.306 Thread 0x0000029123381e70 Exception <a 'java/lang/ClassNotFoundException'{0x000000070698d738}: org/springframework/beans/factory/BeanFactoryAwareCustomizer> (0x000000070698d738) 
thrown [e:\jenkins\tmp\workspace\build\src\src\hotspot\share\classfile\systemDictionary.cpp, line 256]
Event: 9.307 Thread 0x0000029123381e70 Exception <a 'java/lang/ClassNotFoundException'{0x0000000706994db0}: org/springframework/beans/factory/AwareCustomizer> (0x0000000706994db0) 
thrown [e:\jenkins\tmp\workspace\build\src\src\hotspot\share\classfile\systemDictionary.cpp, line 256]
Event: 9.309 Thread 0x0000029123381e70 Exception <a 'java/lang/ClassNotFoundException'{0x00000007069ab888}: java/lang/ObjectCustomizer> (0x00000007069ab888) 
thrown [e:\jenkins\tmp\workspace\build\src\src\hotspot\share\classfile\systemDictionary.cpp, line 256]
Event: 9.310 Thread 0x0000029123381e70 Exception <a 'java/lang/ClassNotFoundException'{0x00000007069b5198}: org/springframework/boot/autoconfigure/orm/jpa/JpaBaseConfiguration$JpaWebConfiguration$1Customizer> (0x00000007069b5198) 
thrown [e:\jenkins\tmp\workspace\build\src\src\hotspot\share\classfile\systemDictionary.cpp, line 256]
Event: 9.311 Thread 0x0000029123381e70 Exception <a 'java/lang/ClassNotFoundException'{0x00000007069be930}: org/springframework/web/servlet/config/annotation/WebMvcConfigurerCustomizer> (0x00000007069be930) 
thrown [e:\jenkins\tmp\workspace\build\src\src\hotspot\share\classfile\systemDictionary.cpp, line 256]
Event: 9.334 Thread 0x0000029123381e70 Exception <a 'java/lang/ClassNotFoundException'{0x00000007136131b0}: java/lang/ObjectCustomizer> (0x00000007136131b0) 
thrown [e:\jenkins\tmp\workspace\build\src\src\hotspot\share\classfile\systemDictionary.cpp, line 256]
Event: 9.336 Thread 0x0000029123381e70 Exception <a 'java/lang/ClassNotFoundException'{0x000000071361c460}: org/springframework/data/web/config/SpringDataWebConfigurationCustomizer> (0x000000071361c460) 
thrown [e:\jenkins\tmp\workspace\build\src\src\hotspot\share\classfile\systemDictionary.cpp, line 256]
Event: 9.339 Thread 0x0000029123381e70 Exception <a 'java/lang/ClassNotFoundException'{0x00000007136296d8}: org/springframework/web/servlet/config/annotation/WebMvcConfigurerCustomizer> (0x00000007136296d8) 
thrown [e:\jenkins\tmp\workspace\build\src\src\hotspot\share\classfile\systemDictionary.cpp, line 256]
Event: 9.340 Thread 0x0000029123381e70 Exception <a 'java/lang/ClassNotFoundException'{0x000000071363ad68}: org/springframework/beans/factory/BeanClassLoaderAwareCustomizer> (0x000000071363ad68) 
thrown [e:\jenkins\tmp\workspace\build\src\src\hotspot\share\classfile\systemDictionary.cpp, line 256]
Event: 9.340 Thread 0x0000029123381e70 Exception <a 'java/lang/ClassNotFoundException'{0x0000000713642380}: org/springframework/beans/factory/AwareCustomizer> (0x0000000713642380) 
thrown [e:\jenkins\tmp\workspace\build\src\src\hotspot\share\classfile\systemDictionary.cpp, line 256]

VM Operations (20 events):
Event: 7.361 Executing VM operation: G1CollectForAllocation
Event: 7.368 Executing VM operation: G1CollectForAllocation done
Event: 7.861 Executing VM operation: HandshakeAllThreads
Event: 7.861 Executing VM operation: HandshakeAllThreads done
Event: 8.103 Executing VM operation: G1CollectForAllocation
Event: 8.110 Executing VM operation: G1CollectForAllocation done
Event: 8.313 Executing VM operation: HandshakeAllThreads
Event: 8.313 Executing VM operation: HandshakeAllThreads done
Event: 8.367 Executing VM operation: HandshakeAllThreads
Event: 8.367 Executing VM operation: HandshakeAllThreads done
Event: 8.454 Executing VM operation: ICBufferFull
Event: 8.455 Executing VM operation: ICBufferFull done
Event: 8.826 Executing VM operation: HandshakeAllThreads
Event: 8.826 Executing VM operation: HandshakeAllThreads done
Event: 8.911 Executing VM operation: G1CollectForAllocation
Event: 8.925 Executing VM operation: G1CollectForAllocation done
Event: 9.146 Executing VM operation: HandshakeAllThreads
Event: 9.146 Executing VM operation: HandshakeAllThreads done
Event: 9.313 Executing VM operation: CollectForMetadataAllocation
Event: 9.329 Executing VM operation: CollectForMetadataAllocation done

Events (20 events):
Event: 9.288 loading class java/lang/ObjectCustomizer
Event: 9.288 loading class java/lang/ObjectCustomizer done
Event: 9.288 loading class java/lang/ObjectCustomizer
Event: 9.288 loading class java/lang/ObjectCustomizer done
Event: 9.295 loading class java/lang/ObjectCustomizer
Event: 9.295 loading class java/lang/ObjectCustomizer done
Event: 9.295 loading class java/lang/ObjectCustomizer
Event: 9.295 loading class java/lang/ObjectCustomizer done
Event: 9.301 loading class java/lang/ObjectCustomizer
Event: 9.301 loading class java/lang/ObjectCustomizer done
Event: 9.301 loading class java/lang/ObjectCustomizer
Event: 9.301 loading class java/lang/ObjectCustomizer done
Event: 9.309 loading class java/lang/ObjectCustomizer
Event: 9.309 loading class java/lang/ObjectCustomizer done
Event: 9.309 loading class java/lang/ObjectCustomizer
Event: 9.309 loading class java/lang/ObjectCustomizer done
Event: 9.334 loading class java/lang/ObjectCustomizer
Event: 9.334 loading class java/lang/ObjectCustomizer done
Event: 9.334 loading class java/lang/ObjectCustomizer
Event: 9.334 loading class java/lang/ObjectCustomizer done


Dynamic libraries:
0x00007ff7c6400000 - 0x00007ff7c640e000 	C:\Users\samri\.p2\pool\plugins\org.eclipse.justj.openjdk.hotspot.jre.full.win32.x86_64_17.0.0.v20211012-1059\jre\bin\java.exe
0x00007ffc869a0000 - 0x00007ffc86ba9000 	C:\WINDOWS\SYSTEM32\ntdll.dll
0x00007ffc84960000 - 0x00007ffc84a1d000 	C:\WINDOWS\System32\KERNEL32.DLL
0x00007ffc83e90000 - 0x00007ffc84204000 	C:\WINDOWS\System32\KERNELBASE.dll
0x00007ffc84210000 - 0x00007ffc84321000 	C:\WINDOWS\System32\ucrtbase.dll
0x00007ffc68d40000 - 0x00007ffc68d59000 	C:\Users\samri\.p2\pool\plugins\org.eclipse.justj.openjdk.hotspot.jre.full.win32.x86_64_17.0.0.v20211012-1059\jre\bin\VCRUNTIME140.dll
0x00007ffc68af0000 - 0x00007ffc68b08000 	C:\Users\samri\.p2\pool\plugins\org.eclipse.justj.openjdk.hotspot.jre.full.win32.x86_64_17.0.0.v20211012-1059\jre\bin\jli.dll
0x00007ffc85960000 - 0x00007ffc85b0c000 	C:\WINDOWS\System32\USER32.dll
0x00007ffc84810000 - 0x00007ffc84836000 	C:\WINDOWS\System32\win32u.dll
0x00007ffc5f3e0000 - 0x00007ffc5f685000 	C:\WINDOWS\WinSxS\amd64_microsoft.windows.common-controls_6595b64144ccf1df_6.0.22000.120_none_9d947278b86cc467\COMCTL32.dll
0x00007ffc85bb0000 - 0x00007ffc85bd9000 	C:\WINDOWS\System32\GDI32.dll
0x00007ffc846f0000 - 0x00007ffc84802000 	C:\WINDOWS\System32\gdi32full.dll
0x00007ffc844a0000 - 0x00007ffc8453d000 	C:\WINDOWS\System32\msvcp_win.dll
0x00007ffc853a0000 - 0x00007ffc85443000 	C:\WINDOWS\System32\msvcrt.dll
0x00007ffc86890000 - 0x00007ffc868c1000 	C:\WINDOWS\System32\IMM32.DLL
0x00007ffc7b540000 - 0x00007ffc7b54c000 	C:\Users\samri\.p2\pool\plugins\org.eclipse.justj.openjdk.hotspot.jre.full.win32.x86_64_17.0.0.v20211012-1059\jre\bin\vcruntime140_1.dll
0x00007ffc42400000 - 0x00007ffc42491000 	C:\Users\samri\.p2\pool\plugins\org.eclipse.justj.openjdk.hotspot.jre.full.win32.x86_64_17.0.0.v20211012-1059\jre\bin\msvcp140.dll
0x00007ffc33280000 - 0x00007ffc33ec6000 	C:\Users\samri\.p2\pool\plugins\org.eclipse.justj.openjdk.hotspot.jre.full.win32.x86_64_17.0.0.v20211012-1059\jre\bin\server\jvm.dll
0x00007ffc85ed0000 - 0x00007ffc85f7e000 	C:\WINDOWS\System32\ADVAPI32.dll
0x00007ffc85e00000 - 0x00007ffc85e9e000 	C:\WINDOWS\System32\sechost.dll
0x00007ffc84840000 - 0x00007ffc84960000 	C:\WINDOWS\System32\RPCRT4.dll
0x00007ffc85be0000 - 0x00007ffc85be8000 	C:\WINDOWS\System32\PSAPI.DLL
0x00007ffc64130000 - 0x00007ffc64139000 	C:\WINDOWS\SYSTEM32\WSOCK32.dll
0x00007ffc7a340000 - 0x00007ffc7a373000 	C:\WINDOWS\SYSTEM32\WINMM.dll
0x00007ffc85f80000 - 0x00007ffc85fef000 	C:\WINDOWS\System32\WS2_32.dll
0x00007ffc78720000 - 0x00007ffc7872a000 	C:\WINDOWS\SYSTEM32\VERSION.dll
0x00007ffc83050000 - 0x00007ffc83068000 	C:\WINDOWS\SYSTEM32\kernel.appcore.dll
0x00007ffc7c7c0000 - 0x00007ffc7c7ca000 	C:\Users\samri\.p2\pool\plugins\org.eclipse.justj.openjdk.hotspot.jre.full.win32.x86_64_17.0.0.v20211012-1059\jre\bin\jimage.dll
0x00007ffc81240000 - 0x00007ffc81461000 	C:\WINDOWS\SYSTEM32\DBGHELP.DLL
0x00007ffc63a00000 - 0x00007ffc63a31000 	C:\WINDOWS\SYSTEM32\dbgcore.DLL
0x00007ffc84540000 - 0x00007ffc845bf000 	C:\WINDOWS\System32\bcryptPrimitives.dll
0x00007ffc78de0000 - 0x00007ffc78e05000 	C:\Users\samri\.p2\pool\plugins\org.eclipse.justj.openjdk.hotspot.jre.full.win32.x86_64_17.0.0.v20211012-1059\jre\bin\java.dll
0x00007ffc7c7a0000 - 0x00007ffc7c7b8000 	C:\Users\samri\.p2\pool\plugins\org.eclipse.justj.openjdk.hotspot.jre.full.win32.x86_64_17.0.0.v20211012-1059\jre\bin\zip.dll
0x00007ffc860e0000 - 0x00007ffc8688f000 	C:\WINDOWS\System32\SHELL32.dll
0x00007ffc81fd0000 - 0x00007ffc82838000 	C:\WINDOWS\SYSTEM32\windows.storage.dll
0x00007ffc84ad0000 - 0x00007ffc84e48000 	C:\WINDOWS\System32\combase.dll
0x00007ffc81e60000 - 0x00007ffc81fc6000 	C:\WINDOWS\SYSTEM32\wintypes.dll
0x00007ffc85ff0000 - 0x00007ffc860da000 	C:\WINDOWS\System32\SHCORE.dll
0x00007ffc84e50000 - 0x00007ffc84ead000 	C:\WINDOWS\System32\shlwapi.dll
0x00007ffc83dc0000 - 0x00007ffc83de1000 	C:\WINDOWS\SYSTEM32\profapi.dll
0x00007ffc70930000 - 0x00007ffc70949000 	C:\Users\samri\.p2\pool\plugins\org.eclipse.justj.openjdk.hotspot.jre.full.win32.x86_64_17.0.0.v20211012-1059\jre\bin\net.dll
0x00007ffc7aff0000 - 0x00007ffc7b0fc000 	C:\WINDOWS\SYSTEM32\WINHTTP.dll
0x00007ffc834b0000 - 0x00007ffc83517000 	C:\WINDOWS\system32\mswsock.dll
0x00007ffc707f0000 - 0x00007ffc70805000 	C:\Users\samri\.p2\pool\plugins\org.eclipse.justj.openjdk.hotspot.jre.full.win32.x86_64_17.0.0.v20211012-1059\jre\bin\nio.dll
0x00007ffc696d0000 - 0x00007ffc696d9000 	C:\Users\samri\.p2\pool\plugins\org.eclipse.justj.openjdk.hotspot.jre.full.win32.x86_64_17.0.0.v20211012-1059\jre\bin\management.dll
0x00007ffc68d70000 - 0x00007ffc68d7b000 	C:\Users\samri\.p2\pool\plugins\org.eclipse.justj.openjdk.hotspot.jre.full.win32.x86_64_17.0.0.v20211012-1059\jre\bin\management_ext.dll
0x00007ffc7c730000 - 0x00007ffc7c740000 	C:\Users\samri\.p2\pool\plugins\org.eclipse.justj.openjdk.hotspot.jre.full.win32.x86_64_17.0.0.v20211012-1059\jre\bin\verify.dll
0x00007ffc55c30000 - 0x00007ffc55c47000 	C:\WINDOWS\system32\napinsp.dll
0x00007ffc55980000 - 0x00007ffc5599b000 	C:\WINDOWS\system32\pnrpnsp.dll
0x00007ffc82bb0000 - 0x00007ffc82c98000 	C:\WINDOWS\SYSTEM32\DNSAPI.dll
0x00007ffc82b80000 - 0x00007ffc82bad000 	C:\WINDOWS\SYSTEM32\IPHLPAPI.DLL
0x00007ffc858f0000 - 0x00007ffc858f9000 	C:\WINDOWS\System32\NSI.dll
0x00007ffc55960000 - 0x00007ffc55972000 	C:\WINDOWS\System32\winrnr.dll
0x00007ffc792e0000 - 0x00007ffc792f5000 	C:\WINDOWS\system32\wshbth.dll
0x00007ffc55890000 - 0x00007ffc558af000 	C:\WINDOWS\system32\nlansp_c.dll
0x00007ffc78300000 - 0x00007ffc7830a000 	C:\Windows\System32\rasadhlp.dll
0x00007ffc785b0000 - 0x00007ffc78631000 	C:\WINDOWS\System32\fwpuclnt.dll
0x00007ffc836f0000 - 0x00007ffc83708000 	C:\WINDOWS\SYSTEM32\CRYPTSP.dll
0x00007ffc82fb0000 - 0x00007ffc82fe5000 	C:\WINDOWS\system32\rsaenh.dll
0x00007ffc835a0000 - 0x00007ffc835c9000 	C:\WINDOWS\SYSTEM32\USERENV.dll
0x00007ffc83870000 - 0x00007ffc83897000 	C:\WINDOWS\SYSTEM32\bcrypt.dll
0x00007ffc83710000 - 0x00007ffc8371c000 	C:\WINDOWS\SYSTEM32\CRYPTBASE.dll
0x00007ffc7a1f0000 - 0x00007ffc7a209000 	C:\WINDOWS\SYSTEM32\dhcpcsvc6.DLL
0x00007ffc7a380000 - 0x00007ffc7a39e000 	C:\WINDOWS\SYSTEM32\dhcpcsvc.DLL
0x00007ffc738c0000 - 0x00007ffc738ce000 	C:\Users\samri\.p2\pool\plugins\org.eclipse.justj.openjdk.hotspot.jre.full.win32.x86_64_17.0.0.v20211012-1059\jre\bin\sunmscapi.dll
0x00007ffc84330000 - 0x00007ffc84492000 	C:\WINDOWS\System32\CRYPT32.dll
0x00007ffc83840000 - 0x00007ffc83868000 	C:\WINDOWS\SYSTEM32\ncrypt.dll
0x00007ffc83800000 - 0x00007ffc83837000 	C:\WINDOWS\SYSTEM32\NTASN1.dll

dbghelp: loaded successfully - version: 4.0.5 - missing functions: none
symbol engine: initialized successfully - sym options: 0x614 - pdb path: .;C:\Users\samri\.p2\pool\plugins\org.eclipse.justj.openjdk.hotspot.jre.full.win32.x86_64_17.0.0.v20211012-1059\jre\bin;C:\WINDOWS\SYSTEM32;C:\WINDOWS\WinSxS\amd64_microsoft.windows.common-controls_6595b64144ccf1df_6.0.22000.120_none_9d947278b86cc467;C:\Users\samri\.p2\pool\plugins\org.eclipse.justj.openjdk.hotspot.jre.full.win32.x86_64_17.0.0.v20211012-1059\jre\bin\server

VM Arguments:
java_command: C:\Users\samri\AppData\Local\Temp\surefire11808996733185939049\surefirebooter2874145686969571814.jar C:\Users\samri\AppData\Local\Temp\surefire11808996733185939049 2022-04-29T01-01-37_974-jvmRun1 surefire13742834790523644647tmp surefire_01268400413906648584tmp
java_class_path (initial): C:\Users\samri\AppData\Local\Temp\surefire11808996733185939049\surefirebooter2874145686969571814.jar
Launcher Type: SUN_STANDARD

[Global flags]
     intx CICompilerCount                          = 4                                         {product} {ergonomic}
     uint ConcGCThreads                            = 2                                         {product} {ergonomic}
     uint G1ConcRefinementThreads                  = 8                                         {product} {ergonomic}
   size_t G1HeapRegionSize                         = 2097152                                   {product} {ergonomic}
    uintx GCDrainStackTargetSize                   = 64                                        {product} {ergonomic}
   size_t InitialHeapSize                          = 266338304                                 {product} {ergonomic}
   size_t MarkStackSize                            = 4194304                                   {product} {ergonomic}
   size_t MaxHeapSize                              = 4234149888                                {product} {ergonomic}
   size_t MaxNewSize                               = 2539651072                                {product} {ergonomic}
   size_t MinHeapDeltaBytes                        = 2097152                                   {product} {ergonomic}
   size_t MinHeapSize                              = 8388608                                   {product} {ergonomic}
    uintx NonNMethodCodeHeapSize                   = 5839372                                {pd product} {ergonomic}
    uintx NonProfiledCodeHeapSize                  = 122909434                              {pd product} {ergonomic}
    uintx ProfiledCodeHeapSize                     = 122909434                              {pd product} {ergonomic}
    uintx ReservedCodeCacheSize                    = 251658240                              {pd product} {ergonomic}
     bool SegmentedCodeCache                       = true                                      {product} {ergonomic}
   size_t SoftMaxHeapSize                          = 4234149888                             {manageable} {ergonomic}
     bool UseCompressedClassPointers               = true                           {product lp64_product} {ergonomic}
     bool UseCompressedOops                        = true                           {product lp64_product} {ergonomic}
     bool UseG1GC                                  = true                                      {product} {ergonomic}
     bool UseLargePagesIndividualAllocation        = false                                  {pd product} {ergonomic}

Logging:
Log output configuration:
 #0: stdout all=warning uptime,level,tags
 #1: stderr all=off uptime,level,tags

Environment Variables:
JAVA_HOME=C:\Program Files\Java\JDK
CLASSPATH=C:\Program Files\Java\jdk-15.0.2\bin
PATH=C:/Users/samri/.p2/pool/plugins/org.eclipse.justj.openjdk.hotspot.jre.full.win32.x86_64_17.0.0.v20211012-1059/jre/bin/server;C:/Users/samri/.p2/pool/plugins/org.eclipse.justj.openjdk.hotspot.jre.full.win32.x86_64_17.0.0.v20211012-1059/jre/bin;C:\Python310\Scripts\;C:\Python310\;C:\Program Files (x86)\Common Files\Oracle\Java\javapath;C:\WINDOWS\system32;C:\WINDOWS;C:\WINDOWS\System32\Wbem;C:\WINDOWS\System32\WindowsPowerShell\v1.0\;C:\WINDOWS\System32\OpenSSH\;C:\Program Files\Microsoft SQL Server\Client SDK\ODBC\170\Tools\Binn\;C:\Program Files (x86)\Microsoft SQL Server\150\Tools\Binn\;C:\Program Files\Microsoft SQL Server\150\Tools\Binn\;C:\Program Files\Microsoft SQL Server\150\DTS\Binn\;C:\Program Files (x86)\Microsoft SQL Server\150\DTS\Binn\;C:\Program Files\Azure Data Studio\bin;C:\Program Files\PuTTY\;%JAVA_HOME%\bin;C:\Program Files\nodejs\;C:\ProgramData\chocolatey\bin;C:\apache-maven-3.8.4-bin\bin;C:\Program Files\Amazon\AWSCLIV2\;C:\Program Files\Docker\Docker\resources\bin;C:\ProgramData\DockerDesktop\version-bin;C:\Program Files\MySQL\MySQL Shell 8.0\bin\;C:\Program Files\Java\jdk-15.0.2\bin;C:\Program Files\Azure Data Studio\bin;c:\spark\bin;C:\Program Files\Java\JDK\bin;C:\Users\samri\AppData\Local\Programs\Python\Python39;C:\Users\samri\AppData\Local\Programs\Microsoft VS Code\bin;C:\Users\samri\AppData\Roaming\npm;C:\apache-maven-3.8.4-bin\bin;;C:\Users\samri\AppData\Local\Microsoft\WindowsApps;C:\WINDOWS\system32;
USERNAME=samri
OS=Windows_NT
PROCESSOR_IDENTIFIER=Intel64 Family 6 Model 140 Stepping 1, GenuineIntel



---------------  S Y S T E M  ---------------

OS:
 Windows 10 , 64 bit Build 22000 (10.0.22000.613)
OS uptime: 1 days 9:16 hours
Hyper-V role detected

CPU: total 8 (initial active 8) (4 cores per cpu, 2 threads per core) family 6 model 140 stepping 1 microcode 0x86, cx8, cmov, fxsr, ht, mmx, 3dnowpref, sse, sse2, sse3, ssse3, sse4.1, sse4.2, popcnt, lzcnt, tsc, tscinvbit, avx, avx2, aes, erms, clmul, bmi1, bmi2, adx, avx512f, avx512dq, avx512cd, avx512bw, avx512vl, sha, fma, vzeroupper, avx512_vpopcntdq, avx512_vpclmulqdq, avx512_vaes, avx512_vnni, clflush, clflushopt, clwb, avx512_vbmi2, avx512_vbmi, hv

Memory: 4k page, system-wide physical 16149M (1338M free)
TotalPageFile size 16149M (AvailPageFile size 7M)
current process WorkingSet (physical memory assigned to process): 246M, peak: 250M
current process commit charge ("private bytes"): 376M, peak: 378M

vm_info: OpenJDK 64-Bit Server VM (17+35) for windows-amd64 JRE (17+35), built on Sep 14 2021 17:27:39 by "" with MS VC++ 16.7 (VS2019)

END.
